[03:11:14.456][INFO]: Successfully injected RecipeFS file system
[03:11:14.484][INFO]: Successfully identified and loaded plugin crafttweaker:builtin
[03:11:14.486][INFO]: Successfully identified and loaded plugin crafttweaker:builtin_forge
[03:11:14.489][INFO]: Successfully identified and loaded plugin farmersdelight:crafttweaker_plugin
[03:11:15.497][INFO]: The following mods have explicit CraftTweaker support through the default plugin:
[03:11:15.498][INFO]: - 'aether' at version '1.19.2-1.4.2-forge'
[03:11:15.499][INFO]: - 'aquaculture' at version '1.19.2-2.4.17'
[03:11:15.499][INFO]: - 'crafttweaker' at version '10.1.56'
[03:11:15.499][INFO]: - 'farmersdelight' at version '1.19.2-1.2.4'
[03:11:15.499][INFO]: - 'gamestages' at version '11.1.4'
[03:11:15.499][INFO]: - 'itemstages' at version '5.1.4'
[03:11:26.422][INFO]: Started loading scripts for loader 'initialize'
[03:11:27.029][INFO]: Compiling and executing scripts
[03:11:27.113][INFO]: Successfully initialized modules [crafttweaker, expansions]
[03:11:27.204][INFO]: Execution for loader 'initialize' completed successfully
[03:11:38.388][INFO]: Started loading scripts for loader 'tags'
[03:11:38.412][INFO]: Compiling and executing scripts
[03:11:38.428][INFO]: Successfully initialized modules [crafttweaker, expansions]
[03:11:38.438][INFO]: Execution for loader 'tags' completed successfully
[03:11:44.962][INFO]: Started loading scripts for loader 'crafttweaker'
[03:11:45.004][INFO]: Compiling and executing scripts
[03:11:45.620][INFO]: Successfully initialized modules [mods, crafttweaker, expansions]
[03:11:45.625][INFO]: Loading file 'Cisco.zs' with priority 0
[03:11:45.650][INFO]: Hello world!
[03:11:45.653][INFO]: Adding 'minecraft:smithing' recipe, with name: 'crafttweaker:dreadsteel_chestplate' that outputs: '<item:dreadsteel:dreadsteel_chestplate>'
[03:11:45.654][INFO]: Adding 'minecraft:smithing' recipe, with name: 'crafttweaker:dreadsteel_helmet' that outputs: '<item:dreadsteel:dreadsteel_helmet>'
[03:11:45.654][INFO]: Adding 'minecraft:smithing' recipe, with name: 'crafttweaker:dreadsteel_boots' that outputs: '<item:dreadsteel:dreadsteel_boots>'
[03:11:45.654][INFO]: Adding 'minecraft:smithing' recipe, with name: 'crafttweaker:dreadsteel_leggings' that outputs: '<item:dreadsteel:dreadsteel_leggings>'
[03:11:45.655][INFO]: Adding 'minecraft:crafting' recipe, of type: "shapeless", with name: 'crafttweaker:dreadsteel_ingot_recipe' that outputs: '<item:dreadsteel:dreadsteel_ingot>'
[03:11:45.655][INFO]: Adding 'minecraft:crafting' recipe, of type: "shapeless", with name: 'crafttweaker:dreadsteel_scythe_recipe' that outputs: '<item:dreadsteel:dreadsteel_scythe>'
[03:11:45.655][INFO]: Adding 'minecraft:crafting' recipe, of type: "shapeless", with name: 'crafttweaker:dreadsteel_shield_recipe' that outputs: '<item:dreadsteel:dreadsteel_shield>'
[03:11:45.656][INFO]: Removing "minecraft:crafting" recipes with modid: "dreadsteel"
[03:11:45.657][INFO]: Adding 'minecraft:crafting' recipe, of type: "shapeless", with name: 'crafttweaker:amnesia_scroll' that outputs: '<item:skilltree:amnesia_scroll>'
[03:11:45.657][INFO]: Adding 'minecraft:crafting' recipe, of type: "shapeless", with name: 'crafttweaker:true_dragons_breath' that outputs: '<item:cisco_mod:true_dragons_breath>'
[03:11:45.660][INFO]: Adding 'minecraft:crafting' recipe, of type: "shapeless", with name: 'crafttweaker:rogue_eye' that outputs: '<item:endrem:rogue_eye>.withTag({Damage: 0})'
[03:11:45.660][INFO]: Adding 'minecraft:crafting' recipe, of type: "shapeless", with name: 'crafttweaker:undead_soul' that outputs: '<item:endrem:undead_soul>'
[03:11:45.661][INFO]: Adding 'minecraft:crafting' recipe, of type: "shapeless", with name: 'crafttweaker:demonium_ingot_recipe' that outputs: '<item:cisco_mod:demonium_ingot>'
[03:11:45.661][INFO]: Adding 'minecraft:crafting' recipe, of type: "shapeless", with name: 'crafttweaker:frigidium_ingot_recipe' that outputs: '<item:cisco_mod:frigidiumingot>'
[03:11:45.661][INFO]: Execution for loader 'crafttweaker' completed successfully
[03:11:45.662][INFO]: This reload was made possible by Jonathan McManus and more! Become a patron at https://patreon.com/jaredlll08?s=crtmod
