[02:58:18] [main/INFO]: Loading Minecraft 1.21.1 with Fabric Loader 0.16.10
[02:58:18] [ForkJoinPool-1-worker-4/WARN]: Mod travelersbackpack uses the version fabric-1.21-10.0.6 which isn't compatible with Loader's extended semantic version format (Could not parse version number component 'fabric'!), SemVer is recommended for reliably evaluating dependencies and prioritizing newer version
[02:58:18] [main/WARN]: Warnings were found!
 - Mod 'Alloy Forgery' (alloy_forgery) 2.4.1+1.21 recommends version 14.0.0 or later of roughlyenoughitems, which is missing!
	 - You should install version 14.0.0 or later of roughlyenoughitems for the optimal experience.
[02:58:18] [main/INFO]: Loading 182 mods:
	- advancednetherite 2.2.1-1.21.1
	- aether 1.5.1-beta.5
	   |-- accessories 1.1.0-beta.16+1.21.1
	   |-- cumulus_menus 2.0.0
	   |    \-- mixinextras 0.5.0-beta.3
	   |-- mixinextras 0.5.0-beta.3
	   |-- mm_shedaniel 2.4.1
	   \-- nitrogen_internals 1.1.21
	- alloy_forgery 2.4.1+1.21
	- almanac 1.0.2
	- alternate-current 1.9.0
	- amendments 1.21-1.2.19
	- appleskin 3.0.6+mc1.21
	- architectury 13.0.8
	- artifacts 12.0.6
	   |-- com_electronwill_night-config_core 3.8.0
	   |-- com_electronwill_night-config_toml 3.8.0
	   \-- expandability 12.0.0
	- azurelib 3.0.11
	- balm-fabric 21.0.20
	   \-- kuma_api 21.0.5-SNAPSHOT
	- betterarcheology 1.2.0-1.21
	- betterchunkloading 1.21-5.1
	- biomesoplenty 21.1.0.7
	- cloth-config 15.0.140
	   \-- cloth-basic-math 0.6.1
	- collective 8.1
	- combat_roll 2.0.2+1.21.1
	- connectedglass 1.1.12
	- coroutil 1.21.1-1.3.8
	- cristellib 1.2.8
	   \-- blue_endless_jankson 1.2.3
	- cupboard 1.21-2.7
	- elevatorid 1.21-1.11.1
	- elytraslot 9.0.1+1.21.1
	- fabric-api 0.115.4+1.21.1
	   |-- fabric-api-base 0.4.42+6573ed8c19
	   |-- fabric-api-lookup-api-v1 1.6.70+b559734419
	   |-- fabric-biome-api-v1 13.0.31+d527f9fd19
	   |-- fabric-block-api-v1 1.0.22+0af3f5a719
	   |-- fabric-block-view-api-v2 1.0.11+ebb2264e19
	   |-- fabric-blockrenderlayer-v1 1.1.52+0af3f5a719
	   |-- fabric-client-tags-api-v1 1.1.15+6573ed8c19
	   |-- fabric-command-api-v1 1.2.49+f71b366f19
	   |-- fabric-command-api-v2 2.2.28+6ced4dd919
	   |-- fabric-commands-v0 0.2.66+df3654b319
	   |-- fabric-content-registries-v0 8.0.18+b559734419
	   |-- fabric-convention-tags-v1 2.1.4+7f945d5b19
	   |-- fabric-convention-tags-v2 2.11.0+a406e79519
	   |-- fabric-crash-report-info-v1 0.2.29+0af3f5a719
	   |-- fabric-data-attachment-api-v1 1.4.1+9ed317f519
	   |-- fabric-data-generation-api-v1 20.2.28+16c4ae2519
	   |-- fabric-dimensions-v1 4.0.0+6fc22b9919
	   |-- fabric-entity-events-v1 1.7.0+2122d82819
	   |-- fabric-events-interaction-v0 0.7.13+ba9dae0619
	   |-- fabric-game-rule-api-v1 1.0.53+6ced4dd919
	   |-- fabric-item-api-v1 11.1.1+d5debaed19
	   |-- fabric-item-group-api-v1 4.1.7+def88e3a19
	   |-- fabric-key-binding-api-v1 1.0.47+0af3f5a719
	   |-- fabric-keybindings-v0 0.2.45+df3654b319
	   |-- fabric-lifecycle-events-v1 2.5.0+01d9a51c19
	   |-- fabric-loot-api-v2 3.0.15+3f89f5a519
	   |-- fabric-loot-api-v3 1.0.3+3f89f5a519
	   |-- fabric-message-api-v1 6.0.13+6573ed8c19
	   |-- fabric-model-loading-api-v1 2.0.0+fe474d6b19
	   |-- fabric-networking-api-v1 4.3.0+c7469b2119
	   |-- fabric-object-builder-api-v1 15.2.1+40875a9319
	   |-- fabric-particles-v1 4.0.2+6573ed8c19
	   |-- fabric-recipe-api-v1 5.0.14+248df81c19
	   |-- fabric-registry-sync-v0 5.2.0+34f5d91419
	   |-- fabric-renderer-api-v1 3.4.0+c705a49c19
	   |-- fabric-renderer-indigo 1.7.0+c705a49c19
	   |-- fabric-renderer-registries-v1 3.2.68+df3654b319
	   |-- fabric-rendering-data-attachment-v1 0.3.49+73761d2e19
	   |-- fabric-rendering-fluids-v1 3.1.6+1daea21519
	   |-- fabric-rendering-v0 1.1.71+df3654b319
	   |-- fabric-rendering-v1 5.0.5+df16efd019
	   |-- fabric-resource-conditions-api-v1 4.3.0+8dc279b119
	   |-- fabric-resource-loader-v0 1.3.1+5b5275af19
	   |-- fabric-screen-api-v1 2.0.25+8b68f1c719
	   |-- fabric-screen-handler-api-v1 1.3.88+b559734419
	   |-- fabric-sound-api-v1 1.0.23+6573ed8c19
	   |-- fabric-transfer-api-v1 5.4.2+c24bd99419
	   \-- fabric-transitive-access-wideners-v1 6.2.0+45b9699719
	- fabric-language-kotlin 1.13.2+kotlin.2.1.20
	   |-- org_jetbrains_kotlin_kotlin-reflect 2.1.20
	   |-- org_jetbrains_kotlin_kotlin-stdlib 2.1.20
	   |-- org_jetbrains_kotlin_kotlin-stdlib-jdk7 2.1.20
	   |-- org_jetbrains_kotlin_kotlin-stdlib-jdk8 2.1.20
	   |-- org_jetbrains_kotlinx_atomicfu-jvm 0.27.0
	   |-- org_jetbrains_kotlinx_kotlinx-coroutines-core-jvm 1.10.1
	   |-- org_jetbrains_kotlinx_kotlinx-coroutines-jdk8 1.10.1
	   |-- org_jetbrains_kotlinx_kotlinx-datetime-jvm 0.6.2
	   |-- org_jetbrains_kotlinx_kotlinx-io-bytestring-jvm 0.7.0
	   |-- org_jetbrains_kotlinx_kotlinx-io-core-jvm 0.7.0
	   |-- org_jetbrains_kotlinx_kotlinx-serialization-cbor-jvm 1.8.0
	   |-- org_jetbrains_kotlinx_kotlinx-serialization-core-jvm 1.8.0
	   \-- org_jetbrains_kotlinx_kotlinx-serialization-json-jvm 1.8.0
	- fabricloader 0.16.10
	- farmersdelight 1.21.1-3.0.1+refabricated
	   \-- mm 2.3
	- ferritecore 7.0.2-hotfix
	- forgeconfigapiport 21.1.3
	   |-- com_electronwill_night-config_core 3.8.0
	   \-- com_electronwill_night-config_toml 3.8.0
	- framework 0.9.4
	   |-- org_javassist_javassist 3.29.2-GA
	   \-- org_reflections_reflections 0.10.2
	- fusion 1.1.1
	- fzzy_config 0.6.7+1.21
	   |-- blue_endless_jankson 1.2.3
	   |-- fabric-permissions-api-v0 0.3.1
	   \-- net_peanuuutz_tomlkt_tomlkt-jvm 0.3.7
	- geckolib 4.7.5.1
	- giantspawn 5.3
	- glitchcore 2.1.0.0
	   \-- net_jodah_typetools 0.6.3
	- gpumemleakfix 1.21-1.8
	- iceandfire 1.0-beta.6
	   |-- cardinal-components-base 6.1.1
	   \-- cardinal-components-entity 6.1.1
	- immersive_aircraft 1.1.5+1.21.1
	   \-- org_mariuszgromada_math_mathparser_org-mxparser 5.2.1
	- jade 15.9.1+fabric
	- jamlib 1.2.2-build.2+1.21.1
	   \-- blue_endless_jankson 1.2.3
	- java 21
	- jei 19.21.0.247
	- jesus-roulette 1.0.1
	- jupiter 2.0
	- justhammers 21.0.3
	- justzoom 2.0.0
	- knightlib 1.2.0
	- knightquest 1.8.4
	- konkrete 1.9.9
	- landmines 1.0.7
	- letmedespawn 1.4.4
	- lithium 0.14.3-snapshot+mc1.21.1-build.92
	- mcwpaintings 1.0.5
	- minecraft 1.21.1
	- mobs_of_mythology 2.1.7
	- modernfix 5.19.6+mc1.21.1
	- moonlight 1.21-2.17.12
	- mr_battle_towers 1.2.0
	- mr_botanical_pots 1.7+1.21
	- mutantmonsters 21.1.0
	- mythicmetals 0.22.1+1.21
	   |-- additionalentityattributes 1.8.0+1.21
	   \-- common-protection-api 1.0.0
	- noisium 2.3.0+mc1.21-1.21.1
	- oracle_index 0.2.0
	   \-- org_jsoup_jsoup 1.17.2
	- owo 0.12.15+1.21
	   |-- io_wispforest_endec 0.1.5
	   |-- io_wispforest_endec_gson 0.1.3
	   |-- io_wispforest_endec_jankson 0.1.3
	   \-- io_wispforest_endec_netty 0.1.2
	- playeranimator 2.0.0-alpha1+1.21
	- polymer-bundled 0.9.18+1.21.1
	   |-- polymer-autohost 0.9.18+1.21.1
	   |    \-- io_netty_netty-codec-http 4.1.82
	   |-- polymer-blocks 0.9.18+1.21.1
	   |-- polymer-common 0.9.18+1.21.1
	   |    \-- packet_tweaker 0.5.5+1.21
	   |-- polymer-core 0.9.18+1.21.1
	   |    |-- polymer-networking 0.9.18+1.21.1
	   |    |    \-- polymer-common 0.9.18+1.21.1
	   |    |         \-- packet_tweaker 0.5.5+1.21
	   |    \-- polymer-registry-sync-manipulator 0.9.18+1.21.1
	   |-- polymer-resource-pack 0.9.18+1.21.1
	   |    \-- polymer-common 0.9.18+1.21.1
	   |         \-- packet_tweaker 0.5.5+1.21
	   \-- polymer-virtual-entity 0.9.18+1.21.1
	        \-- polymer-common 0.9.18+1.21.1
	             \-- packet_tweaker 0.5.5+1.21
	- puzzleslib 21.1.33
	- rechiseled 1.1.6+b
	- refurbished_furniture 1.0.8
	- resourcefulconfig 3.0.4
	- rightclickharvest 4.4.4+1.21.1
	- sawmill 1.21-1.5.11
	- scalablelux 0.1.0+fabric.26c6e72
	- smartbrainlib 1.16.7
	- spark 1.10.109
	   \-- fabric-permissions-api-v0 0.3.1
	- storagedrawers 13.8.5
	- supermartijn642configlib 1.1.8
	- supermartijn642corelib 1.1.17+c
	- supplementaries 1.21-3.0.14-alpha
	   \-- mixinsquared 0.1.1
	- suppsquared 1.21-1.2.3
	- terrablender 4.1.0.5
	- travelersbackpack fabric-1.21-10.0.6
	- trinkets 3.10.0
	- universalbonemeal 21.1.0
	- uranus 2.3
	- voicechat 1.21.1-2.5.27
	   \-- fabric-key-binding-api-v1 1.0.47+0af3f5a76a
	- watut 1.21.0-1.2.3
	- waystones 21.1.5
	- xaerominimap 25.2.10
	- xaeroworldmap 1.39.12
	- yigd 2.4.11
	   |-- fabric-permissions-api-v0 0.3.1
	   \-- libgui 11.0.0+1.21
	        |-- jankson 8.0.0+j1.2.3
	        |    \-- blue_endless_jankson 1.2.3
	        \-- libninepatch 1.2.0
	- zombiehorsespawn 5.2
[02:58:18] [main/INFO]: SpongePowered MIXIN Subsystem Version=0.8.7 Source=file:/workspaces/serverdemierda/servidor_minecraft/libraries/net/fabricmc/sponge-mixin/0.15.4+mixin.0.8.7/sponge-mixin-0.15.4+mixin.0.8.7.jar Service=Knot/Fabric Env=SERVER
[02:58:18] [main/INFO]: Compatibility level set to JAVA_17
[02:58:18] [main/INFO]: Compatibility level set to JAVA_21
[02:58:19] [main/WARN]: Reference map 'connectedglass.mixins.refmap.json' for connectedglass.mixins.json could not be read. If this is a development environment you can ignore this message
[02:58:19] [main/WARN]: Reference map 'coroutil.refmap.json' for coroutil_fabric.mixins.json could not be read. If this is a development environment you can ignore this message
[02:58:19] [main/WARN]: Reference map 'elevatorid-common-common-refmap.json' for elevatorid.mixins.json could not be read. If this is a development environment you can ignore this message
[02:58:19] [main/WARN]: Reference map 'forgeconfigapiport.common.refmap.json' for forgeconfigapiport.common.mixins.json could not be read. If this is a development environment you can ignore this message
[02:58:19] [main/WARN]: Reference map 'just-hammers-common-refmap.json' for justhammers-common.mixins.json could not be read. If this is a development environment you can ignore this message
[02:58:19] [main/WARN]: Reference map 'knightlib.refmap.json' for knightlib.mixins.json could not be read. If this is a development environment you can ignore this message
[02:58:19] [main/WARN]: Reference map 'knightlib.refmap.json' for knightlib.fabric.mixins.json could not be read. If this is a development environment you can ignore this message
[02:58:19] [main/WARN]: Mod 'ferritecore' attempted to override option 'mixin.alloc.blockstate', which doesn't exist, ignoring
[02:58:19] [main/WARN]: Mod 'mutantmonsters' attempted to override option 'mixin.ai.nearby_entity_tracking.goals', which doesn't exist, ignoring
[02:58:19] [main/WARN]: Mod 'supplementaries' attempted to override option 'mixins.block.moving_block_shapes', which doesn't exist, ignoring
[02:58:19] [main/INFO]: Option 'mixin.entity.collisions.fluid' requires 'mixin.util.block_tracking=true' but found 'false'. Setting 'mixin.entity.collisions.fluid=false'.
[02:58:19] [main/INFO]: Option 'mixin.experimental.entity.block_caching.suffocation' requires 'mixin.util.block_tracking=true' but found 'false'. Setting 'mixin.experimental.entity.block_caching.suffocation=false'.
[02:58:19] [main/INFO]: Option 'mixin.experimental.entity.block_caching.block_support' requires 'mixin.util.block_tracking=true' but found 'false'. Setting 'mixin.experimental.entity.block_caching.block_support=false'.
[02:58:19] [main/INFO]: Option 'mixin.experimental.entity.block_caching.fluid_pushing' requires 'mixin.util.block_tracking=true' but found 'false'. Setting 'mixin.experimental.entity.block_caching.fluid_pushing=false'.
[02:58:19] [main/INFO]: Option 'mixin.experimental.entity.block_caching.block_touching' requires 'mixin.util.block_tracking=true' but found 'false'. Setting 'mixin.experimental.entity.block_caching.block_touching=false'.
[02:58:19] [main/INFO]: Option 'mixin.experimental.entity.block_caching' requires 'mixin.util.block_tracking=true' but found 'false'. Setting 'mixin.experimental.entity.block_caching=false'.
[02:58:19] [main/INFO]: Loaded configuration file for Lithium: 144 options available, 3 override(s) found
[02:58:19] [main/INFO]: Started MM (shedaniel's fork) at me/shedaniel/gen/mixin/
[02:58:19] [main/WARN]: Reference map 'Manningham Mills-refmap.json' for mixins.mm_shedaniel.json could not be read. If this is a development environment you can ignore this message
[02:58:19] [main/INFO]: Loaded configuration file for ModernFix 5.19.6+mc1.21.1: 54 options available, 0 override(s) found
[02:58:19] [main/INFO]: Applying Nashorn fix
[02:58:19] [main/WARN]: Reference map 'mutantmonsters.fabric.refmap.json' for mutantmonsters.fabric.mixins.json could not be read. If this is a development environment you can ignore this message
[02:58:19] [main/WARN]: Reference map 'rechiseled.mixins.refmap.json' for rechiseled.mixins.json could not be read. If this is a development environment you can ignore this message
[02:58:19] [main/WARN]: Reference map 'supermartijn642configlib.mixins.refmap.json' for supermartijn642configlib.mixins.json could not be read. If this is a development environment you can ignore this message
[02:58:19] [main/WARN]: Reference map 'universalbonemeal.common.refmap.json' for universalbonemeal.common.mixins.json could not be read. If this is a development environment you can ignore this message
[02:58:19] [main/WARN]: Reference map 'universalbonemeal.fabric.refmap.json' for universalbonemeal.fabric.mixins.json could not be read. If this is a development environment you can ignore this message
[02:58:19] [main/WARN]: Error loading class: net/minecraft/class_761 (java.lang.ClassNotFoundException: net/minecraft/class_761)
[02:58:19] [main/WARN]: @Mixin target net.minecraft.class_761 was not found accessories-common.mixins.json:LevelRendererAccessor from mod accessories
[02:58:19] [main/WARN]: Error loading class: net/minecraft/class_310 (java.lang.ClassNotFoundException: net/minecraft/class_310)
[02:58:19] [main/WARN]: @Mixin target net.minecraft.class_310 was not found aether.mixins.json:client.accessor.MinecraftAccessor from mod aether
[02:58:20] [main/INFO]: Force-disabling mixin 'ai.task.memory_change_counting.BehaviorMixin' as rule 'mixin.ai.task.memory_change_counting' (added by mods [smartbrainlib]) disables it and children
[02:58:20] [main/INFO]: Force-disabling mixin 'ai.task.memory_change_counting.BrainMixin' as rule 'mixin.ai.task.memory_change_counting' (added by mods [smartbrainlib]) disables it and children
[02:58:20] [main/INFO]: Force-disabling mixin 'block.moving_block_shapes.PistonMovingBlockEntityMixin' as rule 'mixin.block.moving_block_shapes' (added by mods [supplementaries]) disables it and children
[02:58:20] [main/INFO]: Force-disabling mixin 'block.moving_block_shapes.VoxelShapeMixin' as rule 'mixin.block.moving_block_shapes' (added by mods [supplementaries]) disables it and children
[02:58:20] [main/INFO]: Force-enabling mixin 'compat.transfer_api.TransferApiHelperMixin' as rule 'mixin.compat.transfer_api' (added by mods [lithium]) enables it
[02:58:20] [main/WARN]: Error loading class: net/minecraft/class_287 (java.lang.ClassNotFoundException: net/minecraft/class_287)
[02:58:20] [main/WARN]: @Mixin target net.minecraft.class_287 was not found owo.mixins.json:BufferBuilderAccessor from mod owo
[02:58:20] [main/WARN]: Error loading class: net/minecraft/class_437 (java.lang.ClassNotFoundException: net/minecraft/class_437)
[02:58:20] [main/WARN]: @Mixin target net.minecraft.class_437 was not found owo.mixins.json:ScreenAccessor from mod owo
[02:58:20] [main/WARN]: Error loading class: xyz/nucleoid/server/translations/impl/language/SystemDelegatedLanguage (java.lang.ClassNotFoundException: xyz/nucleoid/server/translations/impl/language/SystemDelegatedLanguage)
[02:58:20] [main/WARN]: Error loading class: me/jellysquid/mods/sodium/client/render/chunk/compile/pipeline/FluidRenderer (java.lang.ClassNotFoundException: me/jellysquid/mods/sodium/client/render/chunk/compile/pipeline/FluidRenderer)
[02:58:20] [main/WARN]: Error loading class: net/fabricmc/fabric/api/client/rendering/v1/EntityModelLayerRegistry$TexturedModelDataProvider (java.lang.ClassNotFoundException: net/fabricmc/fabric/api/client/rendering/v1/EntityModelLayerRegistry$TexturedModelDataProvider)
[02:58:20] [main/WARN]: Error loading class: net/minecraft/class_314 (java.lang.ClassNotFoundException: net/minecraft/class_314)
[02:58:20] [main/WARN]: @Mixin target net.minecraft.class_314 was not found mixins.mm.json:net.minecraft.class_314 from mod mm
[02:58:20] [main/WARN]: Error loading class: net/minecraft/class_314 (java.lang.ClassNotFoundException: net/minecraft/class_314)
[02:58:20] [main/WARN]: @Mixin target net.minecraft.class_314 was not found mixins.mm_shedaniel.json:net.minecraft.class_314 from mod mm_shedaniel
[02:58:20] [main/INFO]: Initializing MixinExtras via com.llamalad7.mixinextras.service.MixinExtrasServiceImpl(version=0.5.0-beta.3).
[02:58:21] [main/WARN]: @Inject(@At("INVOKE")) Shift.BY=2 on accessories-common.mixins.json:NbtCompoundMixin from mod accessories::handler$zzn000$accessories$adjustCheckForListVariants exceeds the maximum allowed value: 0. Increase the value of maxShiftBy to suppress this warning.
[02:58:24] [main/INFO]: Injecting BlockStateBase cache population hook into getOpacityIfCached from ca.spottedleaf.starlight.mixin.common.blockstate.BlockStateBaseMixin
[02:58:24] [main/INFO]: Injecting BlockStateBase cache population hook into isConditionallyFullOpaque from ca.spottedleaf.starlight.mixin.common.blockstate.BlockStateBaseMixin
[02:58:25] [main/WARN]: Static binding violation: PRIVATE @Overwrite method method_21740 in modernfix-common.mixins.json:perf.remove_biome_temperature_cache.BiomeMixin from mod modernfix cannot reduce visibiliy of PUBLIC target method, visibility will be upgraded.
[02:58:25] [main/WARN]: Method overwrite conflict for method_21740 in modernfix-common.mixins.json:perf.remove_biome_temperature_cache.BiomeMixin from mod modernfix, previously written by net.caffeinemc.mods.lithium.mixin.world.temperature_cache.BiomeMixin. Skipping method.
[02:58:29] [main/INFO]: Vanilla bootstrap took 7589 milliseconds
[02:58:29] [main/INFO]: fabric loader environment detected
[02:58:29] [main/INFO]: Loaded config for: cupboard.json
[02:58:29] [main/INFO]: Reflections took 152 ms to scan 1 urls, producing 9 keys and 76 values
[02:58:30] [main/ERROR]: No data fixer registered for seat
[02:58:31] [main/INFO]: Registering Listeners!
[02:58:31] [main/INFO]: Initializing platform helper for Advanced Netherite!
[02:58:31] [main/INFO]: Loaded config amendments-common.json
[02:58:31] [main/INFO]: Registering C2S receiver with id artifacts:double_jump
[02:58:31] [main/INFO]: Registering C2S receiver with id artifacts:update_swimming
[02:58:31] [main/INFO]: Registering C2S receiver with id artifacts:toggle_artifacts
[02:58:31] [main/ERROR]: No data fixer registered for artifacts:mimic
[02:58:31] [main/INFO]: Registered azurelib config for auto-sync function
[02:58:31] [main/INFO]: Better Archeology says Hello
[02:58:31] [main/INFO]: Registering Items from betterarcheology
[02:58:32] [main/INFO]: Registering Blocks from betterarcheology
[02:58:32] [main/INFO]: ModEntityTypes of betterarcheology registered.
[02:58:32] [main/INFO]: Registering JEI Recipe Serializers for betterarcheology
[02:58:32] [main/INFO]: Registering Enchantments for betterarcheology
[02:58:32] [main/INFO]: betterchunkloading mod initialized
[02:58:32] [main/INFO]: Loading Collective version 8.1.
[02:58:32] [main/INFO]: ExpandAbility here, who dis?
[02:58:32] [main/INFO]: Loaded config farmersdelight-common.json
[02:58:32] [main/ERROR]: No data fixer registered for biomesoplenty:boat
[02:58:32] [main/ERROR]: No data fixer registered for biomesoplenty:chest_boat
[02:58:32] [main/ERROR]: No data fixer registered for anomaly
[02:58:32] [main/INFO]: Ice And Fire common config version match.
[02:58:33] [main/ERROR]: No data fixer registered for dragon_multipart
[02:58:33] [main/ERROR]: No data fixer registered for multipart
[02:58:33] [main/ERROR]: No data fixer registered for hydra_multipart
[02:58:33] [main/ERROR]: No data fixer registered for cylcops_multipart
[02:58:33] [main/ERROR]: No data fixer registered for dragon_egg
[02:58:33] [main/ERROR]: No data fixer registered for dragon_arrow
[02:58:33] [main/ERROR]: No data fixer registered for dragon_skull
[02:58:33] [main/ERROR]: No data fixer registered for fire_dragon
[02:58:33] [main/ERROR]: No data fixer registered for ice_dragon
[02:58:33] [main/ERROR]: No data fixer registered for lightning_dragon
[02:58:33] [main/ERROR]: No data fixer registered for fire_dragon_charge
[02:58:33] [main/ERROR]: No data fixer registered for ice_dragon_charge
[02:58:33] [main/ERROR]: No data fixer registered for lightning_dragon_charge
[02:58:33] [main/ERROR]: No data fixer registered for hippogryph_egg
[02:58:33] [main/ERROR]: No data fixer registered for hippogryph
[02:58:33] [main/ERROR]: No data fixer registered for stone_statue
[02:58:33] [main/ERROR]: No data fixer registered for gorgon
[02:58:33] [main/ERROR]: No data fixer registered for pixie
[02:58:33] [main/ERROR]: No data fixer registered for cyclops
[02:58:33] [main/ERROR]: No data fixer registered for siren
[02:58:33] [main/ERROR]: No data fixer registered for hippocampus
[02:58:33] [main/ERROR]: No data fixer registered for deathworm
[02:58:33] [main/ERROR]: No data fixer registered for deathworm_egg
[02:58:33] [main/ERROR]: No data fixer registered for cockatrice
[02:58:33] [main/ERROR]: No data fixer registered for cockatrice_egg
[02:58:33] [main/ERROR]: No data fixer registered for stymphalian_bird
[02:58:33] [main/ERROR]: No data fixer registered for stymphalian_feather
[02:58:33] [main/ERROR]: No data fixer registered for stymphalian_arrow
[02:58:33] [main/ERROR]: No data fixer registered for troll
[02:58:33] [main/ERROR]: No data fixer registered for myrmex_worker
[02:58:33] [main/ERROR]: No data fixer registered for myrmex_soldier
[02:58:33] [main/ERROR]: No data fixer registered for myrmex_sentinel
[02:58:33] [main/ERROR]: No data fixer registered for myrmex_royal
[02:58:33] [main/ERROR]: No data fixer registered for myrmex_queen
[02:58:33] [main/ERROR]: No data fixer registered for myrmex_egg
[02:58:33] [main/ERROR]: No data fixer registered for amphithere
[02:58:33] [main/ERROR]: No data fixer registered for amphithere_arrow
[02:58:33] [main/ERROR]: No data fixer registered for sea_serpent
[02:58:33] [main/ERROR]: No data fixer registered for sea_serpent_bubbles
[02:58:33] [main/ERROR]: No data fixer registered for sea_serpent_arrow
[02:58:33] [main/ERROR]: No data fixer registered for chain_tie
[02:58:33] [main/ERROR]: No data fixer registered for pixie_charge
[02:58:33] [main/ERROR]: No data fixer registered for myrmex_swarmer
[02:58:33] [main/ERROR]: No data fixer registered for tide_trident
[02:58:33] [main/ERROR]: No data fixer registered for mob_skull
[02:58:33] [main/ERROR]: No data fixer registered for dread_thrall
[02:58:33] [main/ERROR]: No data fixer registered for dread_ghoul
[02:58:33] [main/ERROR]: No data fixer registered for dread_beast
[02:58:33] [main/ERROR]: No data fixer registered for dread_scuttler
[02:58:33] [main/ERROR]: No data fixer registered for dread_lich
[02:58:33] [main/ERROR]: No data fixer registered for dread_lich_skull
[02:58:33] [main/ERROR]: No data fixer registered for dread_knight
[02:58:33] [main/ERROR]: No data fixer registered for dread_horse
[02:58:33] [main/ERROR]: No data fixer registered for hydra
[02:58:33] [main/ERROR]: No data fixer registered for hydra_breath
[02:58:33] [main/ERROR]: No data fixer registered for hydra_arrow
[02:58:33] [main/ERROR]: No data fixer registered for ghost
[02:58:33] [main/ERROR]: No data fixer registered for ghost_sword
[02:58:33] [main/INFO]: Registering C2S receiver with id iceandfire:myrmex_sync
[02:58:33] [main/INFO]: Registering C2S receiver with id iceandfire:dragon_control
[02:58:33] [main/INFO]: Registering C2S receiver with id iceandfire:multipart_interact
[02:58:33] [main/INFO]: Registering C2S receiver with id iceandfire:player_hit_multipart
[02:58:33] [main/INFO]: Registering C2S receiver with id iceandfire:start_riding_mob_c2s
[02:58:33] [main/ERROR]: No data fixer registered for immersive_aircraft:gyrodyne
[02:58:33] [main/ERROR]: No data fixer registered for immersive_aircraft:biplane
[02:58:33] [main/ERROR]: No data fixer registered for immersive_aircraft:airship
[02:58:33] [main/ERROR]: No data fixer registered for immersive_aircraft:cargo_airship
[02:58:33] [main/ERROR]: No data fixer registered for immersive_aircraft:warship
[02:58:33] [main/ERROR]: No data fixer registered for immersive_aircraft:quadrocopter
[02:58:33] [main/ERROR]: No data fixer registered for immersive_aircraft:bullet
[02:58:33] [main/ERROR]: No data fixer registered for immersive_aircraft:tiny_tnt
[02:58:33] [main/INFO]: Initializing JamLib on Fabric
[02:58:33] [main/INFO]: 1 Jupiter entrypoint(s) detected: jupiter:jupiter
[02:58:33] [main/WARN]: [JUST ZOOM] Disabling 'Just Zoom' since it's a client-side mod and current environment is server!
[02:58:33] [main/ERROR]: No data fixer registered for gremlin
[02:58:33] [main/ERROR]: No data fixer registered for eldbomb
[02:58:33] [main/ERROR]: No data fixer registered for eldknight
[02:58:33] [main/ERROR]: No data fixer registered for samhain
[02:58:33] [main/ERROR]: No data fixer registered for swampman
[02:58:33] [main/ERROR]: No data fixer registered for fallen_knight
[02:58:33] [main/ERROR]: No data fixer registered for ratman
[02:58:33] [main/ERROR]: No data fixer registered for lizzy
[02:58:33] [main/ERROR]: No data fixer registered for bad_patch
[02:58:33] [main/ERROR]: No data fixer registered for ghastling
[02:58:33] [main/ERROR]: No data fixer registered for ghosty
[02:58:33] [main/ERROR]: No data fixer registered for netherman
[02:58:33] [main/ERROR]: No data fixer registered for netherman_clone
[02:58:33] [main/ERROR]: No data fixer registered for netherman_projectile_charge
[02:58:33] [main/ERROR]: No data fixer registered for swampman_axe
[02:58:33] [main/INFO]: [Knight Quest] The mod 'forgeconfigapiport' was detected, reading config file `knightquest.toml` for Knight Quest.
[02:58:33] [main/INFO]: [KONKRETE] Loading v1.9.9 in server-side mode on FABRIC!
[02:58:33] [main/INFO]: ---------------------------
[02:58:33] [main/INFO]: KONKRETE SHIPS AND USES THE FOLLOWING LIBRARIES:
[02:58:33] [main/INFO]:  
[02:58:33] [main/INFO]: Open Imaging Copyright © 2014 Dhyan Blum.
[02:58:33] [main/INFO]: Open Imaging is licensed under Apache-2.0.
[02:58:33] [main/INFO]:  
[02:58:33] [main/INFO]: JsonPath Copyright © 2017 Jayway.
[02:58:33] [main/INFO]: JsonPath is licensed under Apache-2.0.
[02:58:33] [main/INFO]:  
[02:58:33] [main/INFO]: Json-smart Copyright © netplex.
[02:58:33] [main/INFO]: Json-smart is licensed under Apache-2.0.
[02:58:33] [main/INFO]:  
[02:58:33] [main/INFO]: Exp4j Copyright © Frank Asseg.
[02:58:33] [main/INFO]: Exp4j is licensed under Apache-2.0. https://github.com/fasseg/exp4j
[02:58:33] [main/INFO]: ---------------------------
[02:58:33] [main/INFO]: [KONKRETE] Server-side modules initialized and ready to use!
[02:58:33] [main/INFO]: Definitely not up to no good
[02:58:33] [main/INFO]: Definitely not up to no good
[02:58:33] [main/INFO]: Registered mobs_of_mythology config for auto-sync function
[02:58:33] [main/ERROR]: No data fixer registered for mobs_of_mythology:automaton
[02:58:33] [main/ERROR]: No data fixer registered for mobs_of_mythology:chupacabra
[02:58:33] [main/ERROR]: No data fixer registered for mobs_of_mythology:kobold
[02:58:33] [main/ERROR]: No data fixer registered for mobs_of_mythology:kobold_warrior
[02:58:33] [main/ERROR]: No data fixer registered for mobs_of_mythology:drake
[02:58:33] [main/ERROR]: No data fixer registered for mobs_of_mythology:sporeling
[02:58:33] [main/ERROR]: No data fixer registered for mobs_of_mythology:basilisk
[02:58:33] [main/ERROR]: No data fixer registered for mobs_of_mythology:pegasus
[02:58:33] [main/ERROR]: No data fixer registered for skull_spirit
[02:58:33] [main/INFO]: Constructing common components for mutantmonsters:main
[02:58:33] [main/INFO]: Dispatching loading event for config mutantmonsters-common.toml
[02:58:33] [main/ERROR]: No data fixer registered for creeper_minion
[02:58:33] [main/ERROR]: No data fixer registered for mutant_creeper
[02:58:33] [main/ERROR]: No data fixer registered for mutant_enderman
[02:58:33] [main/ERROR]: No data fixer registered for mutant_skeleton
[02:58:33] [main/ERROR]: No data fixer registered for mutant_snow_golem
[02:58:33] [main/ERROR]: No data fixer registered for mutant_zombie
[02:58:33] [main/ERROR]: No data fixer registered for spider_pig
[02:58:33] [main/ERROR]: No data fixer registered for body_part
[02:58:33] [main/ERROR]: No data fixer registered for creeper_minion_egg
[02:58:33] [main/ERROR]: No data fixer registered for endersoul_clone
[02:58:33] [main/ERROR]: No data fixer registered for endersoul_fragment
[02:58:33] [main/ERROR]: No data fixer registered for throwable_block
[02:58:33] [main/INFO]: [Mythic Metals] Mythic Metals is now initialized.
[02:58:33] [main/INFO]: Loading Noisium.
[02:58:33] [main/INFO]: Hello from the Oracle Wiki Mod!
[02:58:33] [main/INFO]: dead people should put things in their grave, I have bills to pay - Blodgharm
[02:58:33] [main/INFO]: Constructing common components for puzzleslib:main
[02:58:33] [main/INFO]: Registered synced data key refurbished_furniture:lock_yaw for refurbished_furniture:seat
[02:58:33] [main/INFO]: Updated config file at /workspaces/serverdemierda/servidor_minecraft/config/rightclickharvest.json5
[02:58:33] [main/INFO]: Initializing Right Click Harvest on FABRIC
[02:58:34] [main/INFO]: New compacting rule 4 minecraft:clay_ball = 1 minecraft:clay
[02:58:34] [main/INFO]: New compacting rule 4 minecraft:snowball = 1 minecraft:snow_block
[02:58:34] [main/INFO]: New compacting rule 4 minecraft:glowstone_dust = 1 minecraft:glowstone
[02:58:34] [main/INFO]: New compacting rule 4 minecraft:brick = 1 minecraft:bricks
[02:58:34] [main/INFO]: New compacting rule 4 minecraft:nether_brick = 1 minecraft:nether_bricks
[02:58:34] [main/INFO]: New compacting rule 9 minecraft:nether_wart = 1 minecraft:nether_wart_block
[02:58:34] [main/INFO]: New compacting rule 4 minecraft:quartz = 1 minecraft:quartz_block
[02:58:34] [main/INFO]: New compacting rule 9 minecraft:melon_slice = 1 minecraft:melon
[02:58:34] [main/INFO]: New compacting rule 4 minecraft:clay_ball = 1 minecraft:clay
[02:58:34] [main/INFO]: Loaded config supplementaries-common.json
[02:58:34] [main/INFO]: Registered region minecraft:overworld to index 0 for type OVERWORLD
[02:58:34] [main/INFO]: Registered region minecraft:nether to index 0 for type NETHER
[02:58:34] [main/INFO]: Registered region biomesoplenty:overworld_primary to index 1 for type OVERWORLD
[02:58:34] [main/INFO]: Registered region biomesoplenty:overworld_secondary to index 2 for type OVERWORLD
[02:58:34] [main/INFO]: Registered region biomesoplenty:overworld_rare to index 3 for type OVERWORLD
[02:58:34] [main/INFO]: Registered region biomesoplenty:nether_common to index 1 for type NETHER
[02:58:34] [main/INFO]: Registered region biomesoplenty:nether_rare to index 2 for type NETHER
[02:58:34] [main/INFO]: Registered the FluidEffect with Unique ID of minecraft:water for minecraft:water 81000 with the ID 0
[02:58:34] [main/INFO]: Registered the FluidEffect with Unique ID of minecraft:lava for minecraft:lava 81000 with the ID 1
[02:58:34] [main/INFO]: Registered the FluidEffect with Unique ID of travelersbackpack:potion for travelersbackpack:potion_still 27000 with the ID 2
[02:58:34] [main/INFO]: Registered the FluidEffect with Unique ID of travelersbackpack:milk for travelersbackpack:milk_still 81000 with the ID 3
[02:58:34] [main/INFO]: Constructing common components for universalbonemeal:main
[02:58:34] [main/INFO]: [voicechat] Compatibility version 18
[02:58:34] [main/INFO]: [voicechat] Loading plugins
[02:58:34] [main/INFO]: [voicechat] Loaded 0 plugin(s)
[02:58:34] [main/INFO]: [voicechat] Initializing plugins
[02:58:34] [main/INFO]: [voicechat] Initialized 0 plugin(s)
[02:58:35] [main/INFO]: Initialized block sets in 22ms
[02:58:35] [main/ERROR]: No data fixer registered for falling_lantern
[02:58:35] [main/ERROR]: No data fixer registered for dispenser_minecart
[02:58:35] [main/ERROR]: No data fixer registered for falling_urn
[02:58:35] [main/ERROR]: No data fixer registered for falling_ash
[02:58:35] [main/ERROR]: No data fixer registered for falling_sack
[02:58:35] [main/ERROR]: No data fixer registered for brick_projectile
[02:58:35] [main/ERROR]: No data fixer registered for slimeball_projectile
[02:58:35] [main/ERROR]: No data fixer registered for bomb
[02:58:35] [main/ERROR]: No data fixer registered for cannonball
[02:58:35] [main/ERROR]: No data fixer registered for rope_arrow
[02:58:35] [main/ERROR]: No data fixer registered for slingshot_projectile
[02:58:35] [main/INFO]: Loaded config sawmill-common.json
[02:58:35] [main/INFO]: Initialized color sets in 54ms
[02:58:35] [main/INFO]: Finished mod setup in: [0, 0, 0, 0, 0, 16, 4, 0] ms
[02:58:35] [main/INFO]: Loading Xaero's Minimap - Stage 1/2 (Server)
[02:58:35] [main/INFO]: Loading Xaero's World Map - Stage 1/2 (Server)
[02:58:35] [main/INFO]: Environment: Environment[sessionHost=https://sessionserver.mojang.com, servicesHost=https://api.minecraftservices.com, name=PROD]
[02:58:35] [main/ERROR]: Failed to start the minecraft server
net.minecraft.class_5125$class_5126: /workspaces/serverdemierda/servidor_minecraft/./world/session.lock: already locked (possibly by other Minecraft instance?)
	at knot/net.minecraft.class_5125$class_5126.method_26805(class_5125.java:95) ~[server-intermediary.jar:?]
	at knot/net.minecraft.class_5125.method_26803(class_5125.java:41) ~[server-intermediary.jar:?]
	at knot/net.minecraft.class_32$class_5143.<init>(class_32.java:374) ~[server-intermediary.jar:?]
	at knot/net.minecraft.class_32.method_52236(class_32.java:353) ~[server-intermediary.jar:?]
	at knot/net.minecraft.server.Main.main(Main.java:137) [server-intermediary.jar:?]
	at net.fabricmc.loader.impl.game.minecraft.MinecraftGameProvider.launch(MinecraftGameProvider.java:480) [fabric-loader-0.16.10.jar:?]
	at net.fabricmc.loader.impl.launch.knot.Knot.launch(Knot.java:74) [fabric-loader-0.16.10.jar:?]
	at net.fabricmc.loader.impl.launch.knot.KnotServer.main(KnotServer.java:23) [fabric-loader-0.16.10.jar:?]
	at net.fabricmc.loader.impl.launch.server.FabricServerLauncher.main(FabricServerLauncher.java:69) [fabric-loader-0.16.10.jar:?]
	at net.fabricmc.installer.ServerLauncher.main(ServerLauncher.java:69) [fabric-server-launch.jar:1.0.1]
